#
# A fatal error has been detected by the Java Runtime Environment:
#
#  EXCEPTION_ACCESS_VIOLATION (0xc0000005) at pc=0x0000000070555e06, pid=13868, tid=0x00000000000039a8
#
# JRE version: Java(TM) SE Runtime Environment (8.0_102-b14) (build 1.8.0_102-b14)
# Java VM: Java HotSpot(TM) 64-Bit Server VM (25.102-b14 mixed mode windows-amd64 compressed oops)
# Problematic frame:
# V  [jvm.dll+0x235e06]
#
# Failed to write core dump. Minidumps are not enabled by default on client versions of Windows
#
# If you would like to submit a bug report, please visit:
#   http://bugreport.java.com/bugreport/crash.jsp
#

---------------  T H R E A D  ---------------

Current thread (0x000000001c3e1800):  VMThread [stack: 0x000000001e470000,0x000000001e570000] [id=14760]

siginfo: ExceptionCode=0xc0000005, reading address 0x0000000000000008

Registers:
RAX=0x0000000000000000, RBX=0x000000001e56e870, RCX=0x000000001e56e870, RDX=0x0000000000000028
RSP=0x000000001e56e5a0, RBP=0x000000001e56edb0, RSI=0x0000000000000000, RDI=0x000000001e56ef40
R8 =0x0000000000000000, R9 =0x000000001bf2fa80, R10=0x0000000000000007, R11=0x0000000070922528
R12=0x0000000002328e20, R13=0x000000001e56ed70, R14=0x00000000000003d8, R15=0x000000001e56ed60
RIP=0x0000000070555e06, EFLAGS=0x0000000000010202

Top of Stack: (sp=0x000000001e56e5a0)
0x000000001e56e5a0:   000000001fcad080 000000001e56ec70
0x000000001e56e5b0:   000000001e56ec70 0000000070565cfb
0x000000001e56e5c0:   000000001fcae280 0000000000000000
0x000000001e56e5d0:   0000000000000000 000000001fcadc80
0x000000001e56e5e0:   00000000206af2a0 00000000025e08da
0x000000001e56e5f0:   00000000025e0790 0000000000000000
0x000000001e56e600:   00000000206af380 00000000206af2a0
0x000000001e56e610:   000000076b3d3670 000000076b3c53a0
0x000000001e56e620:   000000076b3c5320 000000076b3c5288
0x000000001e56e630:   000000076b3c5018 000000076b3c4fa0
0x000000001e56e640:   000000076b3c4f18 000000076b3c4e88
0x000000001e56e650:   000000076b3c4dc0 000000076b3c4bf0
0x000000001e56e660:   00000000206af198 00000000206af198
0x000000001e56e670:   000000076b3c49d0 000000076b3c41f0
0x000000001e56e680:   000000076b3c3f90 000000076b3c3d50
0x000000001e56e690:   000000076b3bfbd0 000000076b3bfbd0 

Instructions: (pc=0x0000000070555e06)
0x0000000070555de6:   01 00 00 48 8b 05 60 35 5b 00 48 33 c4 48 89 84
0x0000000070555df6:   24 30 01 00 00 4c 63 41 10 48 8b 41 08 48 8b d9
0x0000000070555e06:   42 38 54 00 08 74 33 44 0f be c2 48 8d 4c 24 20
0x0000000070555e16:   48 8d 15 cb 96 3e 00 e8 9e 00 df ff 48 8d 0d 57 


Register to memory mapping:

RAX=0x0000000000000000 is an unknown value
RBX=0x000000001e56e870 is an unknown value
RCX=0x000000001e56e870 is an unknown value
RDX=0x0000000000000028 is an unknown value
RSP=0x000000001e56e5a0 is an unknown value
RBP=0x000000001e56edb0 is an unknown value
RSI=0x0000000000000000 is an unknown value
RDI=0x000000001e56ef40 is an unknown value
R8 =0x0000000000000000 is an unknown value
R9 =0x000000001bf2fa80 is pointing into metadata
R10=0x0000000000000007 is an unknown value
R11=0x0000000070922528 is an unknown value
R12=0x0000000002328e20 is an unknown value
R13=0x000000001e56ed70 is an unknown value
R14=0x00000000000003d8 is an unknown value
R15=0x000000001e56ed60 is an unknown value


Stack: [0x000000001e470000,0x000000001e570000],  sp=0x000000001e56e5a0,  free space=1017k
Native frames: (J=compiled Java code, j=interpreted, Vv=VM code, C=native code)
V  [jvm.dll+0x235e06]
V  [jvm.dll+0x23647c]
V  [jvm.dll+0xfddf3]
V  [jvm.dll+0x100ee3]
V  [jvm.dll+0x1019af]
V  [jvm.dll+0x1021f5]
V  [jvm.dll+0x102442]
V  [jvm.dll+0xc3f2e]
V  [jvm.dll+0xc45b8]
V  [jvm.dll+0xc4b99]
V  [jvm.dll+0x10d53a]
V  [jvm.dll+0x12c31f]
V  [jvm.dll+0x1bde9f]
V  [jvm.dll+0x24b647]
V  [jvm.dll+0x24a8e6]
V  [jvm.dll+0x24ad81]
V  [jvm.dll+0x24af9e]
V  [jvm.dll+0x29c03a]
C  [msvcr100.dll+0x21d7b]
C  [msvcr100.dll+0x21e17]
C  [kernel32.dll+0x159cd]
C  [ntdll.dll+0x2a561]

VM_Operation (0x000000001ef0f680): GetOrSetLocal, mode: safepoint, requested by thread 0x000000001d4ca800


---------------  P R O C E S S  ---------------

Java Threads: ( => current thread )
  0x00000000022d8000 JavaThread "DestroyJavaVM" [_thread_blocked, id=10296, stack(0x00000000024e0000,0x00000000025e0000)]
  0x000000001fd20000 JavaThread "pool-1-thread-1" [_thread_blocked, id=13380, stack(0x00000000205b0000,0x00000000206b0000)]
  0x000000001d581800 JavaThread "Service Thread" daemon [_thread_blocked, id=15412, stack(0x000000001f8a0000,0x000000001f9a0000)]
  0x000000001d52e800 JavaThread "C1 CompilerThread3" daemon [_thread_blocked, id=17340, stack(0x000000001f9d0000,0x000000001fad0000)]
  0x000000001d521800 JavaThread "C2 CompilerThread2" daemon [_thread_blocked, id=4020, stack(0x000000001f740000,0x000000001f840000)]
  0x000000001d4f8800 JavaThread "C2 CompilerThread1" daemon [_thread_blocked, id=7308, stack(0x000000001f620000,0x000000001f720000)]
  0x000000001d4ed000 JavaThread "C2 CompilerThread0" daemon [_thread_blocked, id=13804, stack(0x000000001f030000,0x000000001f130000)]
  0x000000001d4df000 JavaThread "JDWP Command Reader" daemon [_thread_in_native, id=8228, stack(0x000000001f4b0000,0x000000001f5b0000)]
  0x000000001d4db800 JavaThread "JDWP Event Helper Thread" daemon [_thread_blocked, id=3380, stack(0x000000001f2d0000,0x000000001f3d0000)]
  0x000000001d4ca800 JavaThread "JDWP Transport Listener: dt_socket" daemon [_thread_blocked, id=15544, stack(0x000000001ee10000,0x000000001ef10000)]
  0x000000001d4b1000 JavaThread "Attach Listener" daemon [_thread_blocked, id=16840, stack(0x000000001ea70000,0x000000001eb70000)]
  0x000000001d4c7000 JavaThread "Signal Dispatcher" daemon [_thread_blocked, id=17144, stack(0x000000001e5d0000,0x000000001e6d0000)]
  0x000000001c3f1800 JavaThread "Finalizer" daemon [_thread_blocked, id=12324, stack(0x000000001e930000,0x000000001ea30000)]
  0x000000001c3ea800 JavaThread "Reference Handler" daemon [_thread_blocked, id=14636, stack(0x000000001e740000,0x000000001e840000)]

Other Threads:
=>0x000000001c3e1800 VMThread [stack: 0x000000001e470000,0x000000001e570000] [id=14760]
  0x000000001d601000 WatcherThread [stack: 0x000000001fb00000,0x000000001fc00000] [id=15244]

VM state:at safepoint (normal execution)

VM Mutex/Monitor currently owned by a thread:  ([mutex/lock_event])
[0x000000000237de00] Threads_lock - owner thread: 0x000000001c3e1800

Heap:
 PSYoungGen      total 76288K, used 10490K [0x000000076b300000, 0x0000000770800000, 0x00000007c0000000)
  eden space 65536K, 16% used [0x000000076b300000,0x000000076bd3e948,0x000000076f300000)
  from space 10752K, 0% used [0x000000076fd80000,0x000000076fd80000,0x0000000770800000)
  to   space 10752K, 0% used [0x000000076f300000,0x000000076f300000,0x000000076fd80000)
 ParOldGen       total 175104K, used 0K [0x00000006c1800000, 0x00000006cc300000, 0x000000076b300000)
  object space 175104K, 0% used [0x00000006c1800000,0x00000006c1800000,0x00000006cc300000)
 Metaspace       used 5864K, capacity 6092K, committed 6144K, reserved 1056768K
  class space    used 662K, capacity 726K, committed 768K, reserved 1048576K

Card table byte_map: [0x00000000119a0000,0x00000000121a0000] byte_map_base: 0x000000000e394000

Marking Bits: (ParMarkBitMap*) 0x0000000070b3a6c0
 Begin Bits: [0x00000000132c0000, 0x0000000017260000)
 End Bits:   [0x0000000017260000, 0x000000001b200000)

Polling page: 0x0000000000250000

CodeCache: size=245760Kb used=1800Kb max_used=1800Kb free=243959Kb
 bounds [0x00000000025e0000, 0x0000000002850000, 0x00000000115e0000]
 total_blobs=655 nmethods=350 adapters=226
 compilation: enabled

Compilation events (10 events):
Event: 47.196 Thread 0x000000001d52e800  345       1       java.net.URL::getFile (5 bytes)
Event: 47.196 Thread 0x000000001d52e800 nmethod 345 0x000000000279e5d0 code [0x000000000279e720, 0x000000000279e830]
Event: 47.200 Thread 0x000000001d52e800  347       1       java.nio.Buffer::limit (5 bytes)
Event: 47.200 Thread 0x000000001d52e800 nmethod 347 0x00000000027a1550 code [0x00000000027a16a0, 0x00000000027a17b0]
Event: 52.201 Thread 0x000000001d52e800  348       3       java.nio.ByteBuffer::arrayOffset (35 bytes)
Event: 52.201 Thread 0x000000001d52e800 nmethod 348 0x00000000027a1810 code [0x00000000027a19a0, 0x00000000027a1c98]
Event: 55.202 Thread 0x000000001d52e800  349       3       java.nio.Buffer::position (43 bytes)
Event: 55.203 Thread 0x000000001d52e800 nmethod 349 0x00000000027a1dd0 code [0x00000000027a1f40, 0x00000000027a2228]
Event: 62.203 Thread 0x000000001d52e800  350       3       java.nio.CharBuffer::arrayOffset (35 bytes)
Event: 62.203 Thread 0x000000001d52e800 nmethod 350 0x00000000027a2310 code [0x00000000027a24a0, 0x00000000027a2798]

GC Heap History (0 events):
No events

Deoptimization events (2 events):
Event: 0.315 Thread 0x00000000022d8000 Uncommon trap: reason=unstable_if action=reinterpret pc=0x00000000027556ec method=java.lang.String.lastIndexOf(II)I @ 23
Event: 47.193 Thread 0x000000001fd20000 Uncommon trap: reason=unstable_if action=reinterpret pc=0x0000000002791180 method=java.lang.String.<init>([CII)V @ 18

Internal exceptions (8 events):
Event: 0.029 Thread 0x00000000022d8000 Exception <a 'java/lang/NoSuchMethodError': Method sun.misc.Unsafe.defineClass(Ljava/lang/String;[BII)Ljava/lang/Class; name or signature does not match> (0x000000076b307c78) thrown at [C:\re\workspace\8-2-build-windows-amd64-cygwin\jdk8u102\7268\hotspot\s{∂˜Ïù?
Event: 0.029 Thread 0x00000000022d8000 Exception <a 'java/lang/NoSuchMethodError': Method sun.misc.Unsafe.prefetchRead(Ljava/lang/Object;J)V name or signature does not match> (0x000000076b307f60) thrown at [C:\re\workspace\8-2-build-windows-amd64-cygwin\jdk8u102\7268\hotspot\src\share\vm\prims\¢ÍÌ˘Uí¬?
Event: 0.145 Thread 0x00000000022d8000 Exception <a 'java/security/PrivilegedActionException'> (0x000000076b3d5778) thrown at [C:\re\workspace\8-2-build-windows-amd64-cygwin\jdk8u102\7268\hotspot\src\share\vm\prims\jvm.cpp, line 1386]
Event: 0.145 Thread 0x00000000022d8000 Exception <a 'java/security/PrivilegedActionException'> (0x000000076b3d5988) thrown at [C:\re\workspace\8-2-build-windows-amd64-cygwin\jdk8u102\7268\hotspot\src\share\vm\prims\jvm.cpp, line 1386]
Event: 0.146 Thread 0x00000000022d8000 Exception <a 'java/security/PrivilegedActionException'> (0x000000076b3d82c8) thrown at [C:\re\workspace\8-2-build-windows-amd64-cygwin\jdk8u102\7268\hotspot\src\share\vm\prims\jvm.cpp, line 1386]
Event: 0.146 Thread 0x00000000022d8000 Exception <a 'java/security/PrivilegedActionException'> (0x000000076b3d84d8) thrown at [C:\re\workspace\8-2-build-windows-amd64-cygwin\jdk8u102\7268\hotspot\src\share\vm\prims\jvm.cpp, line 1386]
Event: 0.301 Thread 0x00000000022d8000 Exception <a 'java/lang/NoSuchFieldError': method resolution failed> (0x000000076b90a140) thrown at [C:\re\workspace\8-2-build-windows-amd64-cygwin\jdk8u102\7268\hotspot\src\share\vm\prims\methodHandles.cpp, line 1146]
Event: 0.304 Thread 0x00000000022d8000 Exception <a 'java/lang/NoSuchFieldError': method resolution failed> (0x000000076b9179c8) thrown at [C:\re\workspace\8-2-build-windows-amd64-cygwin\jdk8u102\7268\hotspot\src\share\vm\prims\methodHandles.cpp, line 1146]

Events (10 events):
Event: 87.467 Executing VM operation: ChangeBreakpoints done
Event: 87.481 Executing VM operation: EnterInterpOnlyMode
Event: 87.481 Executing VM operation: EnterInterpOnlyMode done
Event: 87.481 Executing VM operation: GetCurrentLocation
Event: 87.481 Executing VM operation: GetCurrentLocation done
Event: 87.481 Executing VM operation: ChangeSingleStep
Event: 87.481 Executing VM operation: ChangeSingleStep done
Event: 87.482 Executing VM operation: ChangeSingleStep
Event: 87.482 Executing VM operation: ChangeSingleStep done
Event: 87.514 Executing VM operation: GetOrSetLocal


Dynamic libraries:
0x000000013fd80000 - 0x000000013fdb7000 	C:\Java\jdk1.8.0_102\jre\bin\javaw.exe
0x00000000773b0000 - 0x000000007755a000 	C:\Windows\SYSTEM32\ntdll.dll
0x000007feea7a0000 - 0x000007feea7d3000 	C:\Program Files (x86)\AVG\Antivirus\x64\aswhooka.dll
0x0000000077190000 - 0x00000000772af000 	C:\Windows\system32\kernel32.dll
0x000007fefd1d0000 - 0x000007fefd23a000 	C:\Windows\system32\KERNELBASE.dll
0x000007feff5e0000 - 0x000007feff6bb000 	C:\Windows\system32\ADVAPI32.dll
0x000007fefd730000 - 0x000007fefd7cf000 	C:\Windows\system32\msvcrt.dll
0x000007fefd9c0000 - 0x000007fefd9df000 	C:\Windows\SYSTEM32\sechost.dll
0x000007fefe9d0000 - 0x000007fefeafd000 	C:\Windows\system32\RPCRT4.dll
0x00000000772b0000 - 0x00000000773aa000 	C:\Windows\system32\USER32.dll
0x000007fefd6c0000 - 0x000007fefd727000 	C:\Windows\system32\GDI32.dll
0x000007fefebc0000 - 0x000007fefebce000 	C:\Windows\system32\LPK.dll
0x000007fefd540000 - 0x000007fefd60a000 	C:\Windows\system32\USP10.dll
0x000007fefbaf0000 - 0x000007fefbce4000 	C:\Windows\WinSxS\amd64_microsoft.windows.common-controls_6595b64144ccf1df_6.0.7601.18837_none_fa3b1e3d17594757\COMCTL32.dll
0x000007feff560000 - 0x000007feff5d1000 	C:\Windows\system32\SHLWAPI.dll
0x000007fefe9a0000 - 0x000007fefe9ce000 	C:\Windows\system32\IMM32.DLL
0x000007fefebd0000 - 0x000007fefecd9000 	C:\Windows\system32\MSCTF.dll
0x0000000079130000 - 0x0000000079201000 	C:\Java\jdk1.8.0_102\jre\bin\msvcr100.dll
0x0000000070320000 - 0x0000000070bba000 	C:\Java\jdk1.8.0_102\jre\bin\server\jvm.dll
0x000007fefb740000 - 0x000007fefb749000 	C:\Windows\system32\WSOCK32.dll
0x000007fefd610000 - 0x000007fefd65d000 	C:\Windows\system32\WS2_32.dll
0x000007fefd7d0000 - 0x000007fefd7d8000 	C:\Windows\system32\NSI.dll
0x000007fefaca0000 - 0x000007fefacdb000 	C:\Windows\system32\WINMM.dll
0x000007fefc180000 - 0x000007fefc18c000 	C:\Windows\system32\VERSION.dll
0x0000000077580000 - 0x0000000077587000 	C:\Windows\system32\PSAPI.DLL
0x0000000066a30000 - 0x0000000066a3f000 	C:\Java\jdk1.8.0_102\jre\bin\verify.dll
0x0000000062480000 - 0x00000000624a9000 	C:\Java\jdk1.8.0_102\jre\bin\java.dll
0x0000000062350000 - 0x0000000062385000 	C:\Java\jdk1.8.0_102\jre\bin\jdwp.dll
0x0000000064370000 - 0x0000000064378000 	C:\Java\jdk1.8.0_102\jre\bin\npt.dll
0x0000000062a40000 - 0x0000000062a56000 	C:\Java\jdk1.8.0_102\jre\bin\zip.dll
0x000007fefd9e0000 - 0x000007fefe76a000 	C:\Windows\system32\SHELL32.dll
0x000007feff030000 - 0x000007feff22c000 	C:\Windows\system32\ole32.dll
0x000007fefd0a0000 - 0x000007fefd0af000 	C:\Windows\system32\profapi.dll
0x0000000062590000 - 0x0000000062599000 	C:\Java\jdk1.8.0_102\jre\bin\dt_socket.dll
0x000007fefae10000 - 0x000007fefae25000 	C:\Windows\system32\NLAapi.dll
0x000007feee780000 - 0x000007feee795000 	C:\Windows\system32\napinsp.dll
0x000007feee760000 - 0x000007feee779000 	C:\Windows\system32\pnrpnsp.dll
0x000007fefc810000 - 0x000007fefc865000 	C:\Windows\System32\mswsock.dll
0x000007fefc750000 - 0x000007fefc7ab000 	C:\Windows\system32\DNSAPI.dll
0x000007fef6300000 - 0x000007fef630b000 	C:\Windows\System32\winrnr.dll
0x000007fefa5c0000 - 0x000007fefa5e7000 	C:\Windows\system32\IPHLPAPI.DLL
0x000007fefa5b0000 - 0x000007fefa5bb000 	C:\Windows\system32\WINNSI.DLL
0x000007fefa430000 - 0x000007fefa483000 	C:\Windows\System32\fwpuclnt.dll
0x000007fef6ab0000 - 0x000007fef6ab8000 	C:\Windows\system32\rasadhlp.dll
0x000007fefc250000 - 0x000007fefc257000 	C:\Windows\System32\wshtcpip.dll
0x0000000062570000 - 0x000000006258a000 	C:\Java\jdk1.8.0_102\jre\bin\net.dll
0x000007fefca90000 - 0x000007fefca97000 	C:\Windows\System32\wship6.dll
0x000000005b0e0000 - 0x000000005b0f1000 	C:\Java\jdk1.8.0_102\jre\bin\nio.dll
0x000007fefc870000 - 0x000007fefc888000 	C:\Windows\system32\CRYPTSP.dll
0x000007fefc570000 - 0x000007fefc5b7000 	C:\Windows\system32\rsaenh.dll
0x000007fefd250000 - 0x000007fefd26e000 	C:\Windows\system32\USERENV.dll
0x000007fefcf00000 - 0x000007fefcf0f000 	C:\Windows\system32\CRYPTBASE.dll
0x000007fefa340000 - 0x000007fefa351000 	C:\Windows\system32\dhcpcsvc6.DLL
0x000007fefa3b0000 - 0x000007fefa3c8000 	C:\Windows\system32\dhcpcsvc.DLL
0x000007feeb520000 - 0x000007feeb645000 	C:\Windows\system32\dbghelp.dll

VM Arguments:
jvm_args: -agentlib:jdwp=transport=dt_socket,suspend=y,address=localhost:62550 -Dfile.encoding=UTF-8 
java_command: test_java.test.socket.nio.Server
java_class_path (initial): F:\kaifa_tool\eclipse-jee-mars-1-win32-x86_64\eclipse\workspace\test_java\bin;F:\kaifa_tool\eclipse-jee-mars-1-win32-x86_64\eclipse\plugins\org.junit_4.12.0.v201504281640\junit.jar;F:\kaifa_tool\eclipse-jee-mars-1-win32-x86_64\eclipse\plugins\org.hamcrest.core_1.3.0.v201303031735.jar;F:\kaifa_tool\eclipse-jee-mars-1-win32-x86_64\eclipse\workspace\test_java\lib\dom4j-2.0.0.jar;F:\kaifa_tool\eclipse-jee-mars-1-win32-x86_64\eclipse\workspace\test_java\lib\fastjson-1.2.4.jar;F:\kaifa_tool\eclipse-jee-mars-1-win32-x86_64\eclipse\workspace\test_java\lib\xstream-1.4.7.jar;F:\kaifa_tool\eclipse-jee-mars-1-win32-x86_64\eclipse\workspace\test_java\lib\jaxen-1.1.6.jar;F:\kaifa_tool\eclipse-jee-mars-1-win32-x86_64\eclipse\workspace\test_java\lib\xmlpull-1.1.3.1.jar;F:\kaifa_tool\eclipse-jee-mars-1-win32-x86_64\eclipse\workspace\test_java\lib\xpp3_min-1.1.4c.jar;F:\kaifa_tool\eclipse-jee-mars-1-win32-x86_64\eclipse\workspace\test_java\lib\sun.misc.BASE64Decoder.jar;F:\kaifa_tool\eclipse-jee-mars-1-win32-x86_64\eclipse\workspace\test_java\lib\QRCode.jar;F:\kaifa_tool\eclipse-jee-mars-1-win32-x86_64\eclipse\workspace\test_java\lib\zxing-3.1.0.jar
Launcher Type: SUN_STANDARD

Environment Variables:
JAVA_HOME=C:\Java\jdk1.8.0_102
CLASSPATH=C:\Java\jdk1.8.0_102\lib
PATH=C:/Program Files/Java/jre1.8.0_131/bin/server;C:/Program Files/Java/jre1.8.0_131/bin;C:/Program Files/Java/jre1.8.0_131/lib/amd64;C:\Python27\;C:\Python27\Scripts;C:\ProgramData\Oracle\Java\javapath;C:\Python34;C:\Python34\Scripts;C:\Windows\system32;C:\Windows;C:\Windows\System32\Wbem;C:\Windows\System32\WindowsPowerShell\v1.0\;C:\Java\jdk1.8.0_102\bin;C:\Java\jdk1.8.0_102\jre\bin;C:\Program Files\TortoiseSVN\bin;F:\kaifa_tool\gradle-3.2.1\bin;G:\ruyi_web\web\apache-maven-3.3.9\bin;C:\Program Files (x86)\Microsoft SQL Server\100\Tools\Binn\;C:\Program Files (x86)\Microsoft SQL Server\100\DTS\Binn\;F:\kaifa_tool\mysql 5.7.10 winx64\bin;D:\Program Files\nodejs\;C:\ProgramData\chocolatey\bin;C:\Users\david\AppData\Local\Android\sdk2;C:\Users\david\AppData\Local\Android\sdk2\tools;C:\Users\david\AppData\Local\Android\sdk2\platform-tools;C:\Users\david\AppData\Roaming\npm;C:\Users\david\AppData\Local\atom\bin;C:\Users\david\AppData\Local\Programs\Fiddler;F:\kaifa_tool\eclipse-jee-mars-1-win32-x86_64\eclipse;
USERNAME=david
OS=Windows_NT
PROCESSOR_IDENTIFIER=Intel64 Family 6 Model 60 Stepping 3, GenuineIntel



---------------  S Y S T E M  ---------------

OS: Windows 7 , 64 bit Build 7601 (6.1.7601.23796)

CPU:total 8 (4 cores per cpu, 2 threads per core) family 6 model 60 stepping 3, cmov, cx8, fxsr, mmx, sse, sse2, sse3, ssse3, sse4.1, sse4.2, popcnt, avx, avx2, aes, clmul, erms, rtm, lzcnt, ht, tsc, tscinvbit, bmi1, bmi2

Memory: 4k page, physical 16674948k(780568k free), swap 33348036k(13513376k free)

vm_info: Java HotSpot(TM) 64-Bit Server VM (25.102-b14) for windows-amd64 JRE (1.8.0_102-b14), built on Jun 22 2016 13:15:21 by "java_re" with MS VC++ 10.0 (VS2010)

time: Tue Sep 12 22:10:49 2017
elapsed time: 87 seconds (0d 0h 1m 27s)

